2022-11-21 11:27:11,456 [Worker-4: Loading available Gradle versions] INFO  o.e.b.c.i.u.g.PublishedGradleVersions - Gradle version information cache is up-to-date. Trying to read.
2022-11-21 14:40:43,771 [JGit-FileStoreAttributeWriter-2] ERROR org.eclipse.jgit.util.FS - Cannot save config file 'FileBasedConfig[/Users/berniceesiemot/.config/jgit/config]'
java.io.IOException: Creating directories for /Users/berniceesiemot/.config/jgit failed
	at org.eclipse.jgit.util.FileUtils.mkdirs(FileUtils.java:413) ~[na:na]
	at org.eclipse.jgit.internal.storage.file.LockFile.lock(LockFile.java:140) ~[na:na]
	at org.eclipse.jgit.storage.file.FileBasedConfig.save(FileBasedConfig.java:184) ~[na:na]
	at org.eclipse.jgit.util.FS$FileStoreAttributes.saveToConfig(FS.java:761) ~[na:na]
	at org.eclipse.jgit.util.FS$FileStoreAttributes.lambda$5(FS.java:443) ~[na:na]
	at java.base/java.util.concurrent.ThreadPoolExecutor.runWorker(ThreadPoolExecutor.java:1136) ~[na:na]
	at java.base/java.util.concurrent.ThreadPoolExecutor$Worker.run(ThreadPoolExecutor.java:635) ~[na:na]
	at java.base/java.lang.Thread.run(Thread.java:833) ~[na:na]
2022-11-21 14:43:25,521 [Worker-2: Loading available Gradle versions] INFO  o.e.b.c.i.u.g.PublishedGradleVersions - Gradle version information cache is up-to-date. Trying to read.
2022-11-21 14:43:28,822 [JGit-FileStoreAttributeWriter-2] ERROR org.eclipse.jgit.util.FS - Cannot save config file 'FileBasedConfig[/Users/berniceesiemot/.config/jgit/config]'
java.io.IOException: Creating directories for /Users/berniceesiemot/.config/jgit failed
	at org.eclipse.jgit.util.FileUtils.mkdirs(FileUtils.java:413) ~[na:na]
	at org.eclipse.jgit.internal.storage.file.LockFile.lock(LockFile.java:140) ~[na:na]
	at org.eclipse.jgit.storage.file.FileBasedConfig.save(FileBasedConfig.java:184) ~[na:na]
	at org.eclipse.jgit.util.FS$FileStoreAttributes.saveToConfig(FS.java:761) ~[na:na]
	at org.eclipse.jgit.util.FS$FileStoreAttributes.lambda$5(FS.java:443) ~[na:na]
	at java.base/java.util.concurrent.ThreadPoolExecutor.runWorker(ThreadPoolExecutor.java:1136) ~[na:na]
	at java.base/java.util.concurrent.ThreadPoolExecutor$Worker.run(ThreadPoolExecutor.java:635) ~[na:na]
	at java.base/java.lang.Thread.run(Thread.java:833) ~[na:na]
2022-11-21 14:45:33,875 [Worker-2: Loading available Gradle versions] INFO  o.e.b.c.i.u.g.PublishedGradleVersions - Gradle version information cache is up-to-date. Trying to read.
2022-11-21 14:45:37,260 [JGit-FileStoreAttributeWriter-2] ERROR org.eclipse.jgit.util.FS - Cannot save config file 'FileBasedConfig[/Users/berniceesiemot/.config/jgit/config]'
java.io.IOException: Creating directories for /Users/berniceesiemot/.config/jgit failed
	at org.eclipse.jgit.util.FileUtils.mkdirs(FileUtils.java:413) ~[na:na]
	at org.eclipse.jgit.internal.storage.file.LockFile.lock(LockFile.java:140) ~[na:na]
	at org.eclipse.jgit.storage.file.FileBasedConfig.save(FileBasedConfig.java:184) ~[na:na]
	at org.eclipse.jgit.util.FS$FileStoreAttributes.saveToConfig(FS.java:761) ~[na:na]
	at org.eclipse.jgit.util.FS$FileStoreAttributes.lambda$5(FS.java:443) ~[na:na]
	at java.base/java.util.concurrent.ThreadPoolExecutor.runWorker(ThreadPoolExecutor.java:1136) ~[na:na]
	at java.base/java.util.concurrent.ThreadPoolExecutor$Worker.run(ThreadPoolExecutor.java:635) ~[na:na]
	at java.base/java.lang.Thread.run(Thread.java:833) ~[na:na]
2022-11-21 15:07:51,906 [Worker-8: Building] INFO  o.e.m.c.i.l.LifecycleMappingFactory - Using org.eclipse.m2e.jdt.JarLifecycleMapping lifecycle mapping for MavenProject: BookIOCLayersandSpring:BookIOCLayersandSpring:0.0.1-SNAPSHOT @ /Users/berniceesiemot/Wiley-Java-Project/JDBC/BookIOCLayersandSpringJDBC/pom.xml.
2022-11-21 15:07:52,329 [Worker-8: Building] INFO  o.e.m.c.i.e.AbstractTransferListenerAdapter - Downloading https://repo.maven.apache.org/maven2/mysql/mysql-connector-java/8.0.31/mysql-connector-java-8.0.31.pom
2022-11-21 15:07:52,393 [Worker-8: Building] INFO  o.e.m.c.i.e.AbstractTransferListenerAdapter - Downloaded https://repo.maven.apache.org/maven2/mysql/mysql-connector-java/8.0.31/mysql-connector-java-8.0.31.pom
2022-11-21 15:07:52,439 [Worker-8: Building] INFO  o.e.m.c.i.e.AbstractTransferListenerAdapter - Downloading https://repo.maven.apache.org/maven2/com/mysql/mysql-connector-j/8.0.31/mysql-connector-j-8.0.31.pom
2022-11-21 15:07:52,472 [Worker-8: Building] INFO  o.e.m.c.i.e.AbstractTransferListenerAdapter - Downloaded https://repo.maven.apache.org/maven2/com/mysql/mysql-connector-j/8.0.31/mysql-connector-j-8.0.31.pom
2022-11-21 15:07:52,659 [Worker-8: Building] INFO  o.e.m.c.i.e.AbstractTransferListenerAdapter - Downloading https://repo.maven.apache.org/maven2/com/google/protobuf/protobuf-java/3.19.4/protobuf-java-3.19.4.pom
2022-11-21 15:07:52,696 [Worker-8: Building] INFO  o.e.m.c.i.e.AbstractTransferListenerAdapter - Downloaded https://repo.maven.apache.org/maven2/com/google/protobuf/protobuf-java/3.19.4/protobuf-java-3.19.4.pom
2022-11-21 15:07:52,736 [Worker-8: Building] INFO  o.e.m.c.i.e.AbstractTransferListenerAdapter - Downloading https://repo.maven.apache.org/maven2/com/google/protobuf/protobuf-parent/3.19.4/protobuf-parent-3.19.4.pom
2022-11-21 15:07:52,772 [Worker-8: Building] INFO  o.e.m.c.i.e.AbstractTransferListenerAdapter - Downloaded https://repo.maven.apache.org/maven2/com/google/protobuf/protobuf-parent/3.19.4/protobuf-parent-3.19.4.pom
2022-11-21 15:07:52,809 [Worker-8: Building] INFO  o.e.m.c.i.e.AbstractTransferListenerAdapter - Downloading https://repo.maven.apache.org/maven2/com/google/protobuf/protobuf-bom/3.19.4/protobuf-bom-3.19.4.pom
2022-11-21 15:07:52,844 [Worker-8: Building] INFO  o.e.m.c.i.e.AbstractTransferListenerAdapter - Downloaded https://repo.maven.apache.org/maven2/com/google/protobuf/protobuf-bom/3.19.4/protobuf-bom-3.19.4.pom
2022-11-21 15:07:52,851 [Worker-8: Building] WARN  o.e.m.c.i.embedder.EclipseLogger - The artifact mysql:mysql-connector-java:jar:8.0.31 has been relocated to com.mysql:mysql-connector-j:jar:8.0.31: MySQL Connector/J artifacts moved to reverse-DNS compliant Maven 2+ coordinates.
2022-11-21 15:07:52,901 [AetherRepositoryConnector-repo.maven.apache.org-0-0] INFO  o.e.m.c.i.e.AbstractTransferListenerAdapter - Downloading https://repo.maven.apache.org/maven2/com/mysql/mysql-connector-j/8.0.31/mysql-connector-j-8.0.31.jar
2022-11-21 15:07:52,971 [AetherRepositoryConnector-repo.maven.apache.org-0-1] INFO  o.e.m.c.i.e.AbstractTransferListenerAdapter - Downloading https://repo.maven.apache.org/maven2/com/google/protobuf/protobuf-java/3.19.4/protobuf-java-3.19.4.jar
2022-11-21 15:07:53,840 [AetherRepositoryConnector-repo.maven.apache.org-0-1] INFO  o.e.m.c.i.e.AbstractTransferListenerAdapter - Downloaded https://repo.maven.apache.org/maven2/com/google/protobuf/protobuf-java/3.19.4/protobuf-java-3.19.4.jar
2022-11-21 15:07:53,897 [AetherRepositoryConnector-repo.maven.apache.org-0-0] INFO  o.e.m.c.i.e.AbstractTransferListenerAdapter - Downloaded https://repo.maven.apache.org/maven2/com/mysql/mysql-connector-j/8.0.31/mysql-connector-j-8.0.31.jar
2022-11-21 15:07:54,042 [Worker-8: Building] WARN  o.e.m.c.i.embedder.EclipseLogger - Using platform encoding (UTF-8 actually) to copy filtered resources, i.e. build is platform dependent!
2022-11-21 15:07:54,042 [Worker-8: Building] INFO  o.e.m.c.i.embedder.EclipseLogger - skip non existing resourceDirectory /Users/berniceesiemot/Wiley-Java-Project/JDBC/BookIOCLayersandSpringJDBC/src/main/resources
2022-11-21 15:07:54,044 [Worker-8: Building] WARN  o.e.m.c.i.embedder.EclipseLogger - Using platform encoding (UTF-8 actually) to copy filtered resources, i.e. build is platform dependent!
2022-11-21 15:07:54,044 [Worker-8: Building] INFO  o.e.m.c.i.embedder.EclipseLogger - skip non existing resourceDirectory /Users/berniceesiemot/Wiley-Java-Project/JDBC/BookIOCLayersandSpringJDBC/src/test/resources
2022-11-21 15:07:54,288 [Worker-23: Updating Maven Dependencies] INFO  o.e.m.c.i.l.LifecycleMappingFactory - Using org.eclipse.m2e.jdt.JarLifecycleMapping lifecycle mapping for MavenProject: BookIOCLayersandSpring:BookIOCLayersandSpring:0.0.1-SNAPSHOT @ /Users/berniceesiemot/Wiley-Java-Project/JDBC/BookIOCLayersandSpringJDBC/pom.xml.
2022-11-21 15:07:54,292 [Worker-23: Updating Maven Dependencies] WARN  o.e.m.c.i.embedder.EclipseLogger - The artifact mysql:mysql-connector-java:jar:8.0.31 has been relocated to com.mysql:mysql-connector-j:jar:8.0.31: MySQL Connector/J artifacts moved to reverse-DNS compliant Maven 2+ coordinates.
2022-11-21 15:07:54,469 [Worker-23: Building] WARN  o.e.m.c.i.embedder.EclipseLogger - Using platform encoding (UTF-8 actually) to copy filtered resources, i.e. build is platform dependent!
2022-11-21 15:07:54,469 [Worker-23: Building] INFO  o.e.m.c.i.embedder.EclipseLogger - skip non existing resourceDirectory /Users/berniceesiemot/Wiley-Java-Project/JDBC/BookIOCLayersandSpringJDBC/src/main/resources
2022-11-21 15:07:54,471 [Worker-23: Building] WARN  o.e.m.c.i.embedder.EclipseLogger - Using platform encoding (UTF-8 actually) to copy filtered resources, i.e. build is platform dependent!
2022-11-21 15:07:54,471 [Worker-23: Building] INFO  o.e.m.c.i.embedder.EclipseLogger - skip non existing resourceDirectory /Users/berniceesiemot/Wiley-Java-Project/JDBC/BookIOCLayersandSpringJDBC/src/test/resources
2022-11-21 15:07:55,293 [Worker-22: Download sources and javadoc] INFO  o.e.m.c.i.e.AbstractTransferListenerAdapter - Downloading https://repo.maven.apache.org/maven2/com/mysql/mysql-connector-j/8.0.31/mysql-connector-j-8.0.31-sources.jar
2022-11-21 15:07:55,777 [Worker-22: Download sources and javadoc] INFO  o.e.m.c.i.e.AbstractTransferListenerAdapter - Downloaded https://repo.maven.apache.org/maven2/com/mysql/mysql-connector-j/8.0.31/mysql-connector-j-8.0.31-sources.jar
2022-11-21 15:07:55,780 [Worker-22: Download sources and javadoc] INFO  o.e.m.j.internal.DownloadSourcesJob - Downloaded sources for com.mysql:mysql-connector-j:8.0.31
2022-11-21 15:07:55,940 [Worker-22: Download sources and javadoc] INFO  o.e.m.c.i.e.AbstractTransferListenerAdapter - Downloading https://repo.maven.apache.org/maven2/com/google/protobuf/protobuf-java/3.19.4/protobuf-java-3.19.4-sources.jar
2022-11-21 15:07:56,302 [Worker-22: Download sources and javadoc] INFO  o.e.m.c.i.e.AbstractTransferListenerAdapter - Downloaded https://repo.maven.apache.org/maven2/com/google/protobuf/protobuf-java/3.19.4/protobuf-java-3.19.4-sources.jar
2022-11-21 15:07:56,306 [Worker-22: Download sources and javadoc] INFO  o.e.m.j.internal.DownloadSourcesJob - Downloaded sources for com.google.protobuf:protobuf-java:3.19.4
2022-11-21 15:07:56,539 [Worker-23: Building] WARN  o.e.m.c.i.embedder.EclipseLogger - Using platform encoding (UTF-8 actually) to copy filtered resources, i.e. build is platform dependent!
2022-11-21 15:07:56,540 [Worker-23: Building] INFO  o.e.m.c.i.embedder.EclipseLogger - skip non existing resourceDirectory /Users/berniceesiemot/Wiley-Java-Project/JDBC/BookIOCLayersandSpringJDBC/src/main/resources
2022-11-21 15:07:56,542 [Worker-23: Building] WARN  o.e.m.c.i.embedder.EclipseLogger - Using platform encoding (UTF-8 actually) to copy filtered resources, i.e. build is platform dependent!
2022-11-21 15:07:56,542 [Worker-23: Building] INFO  o.e.m.c.i.embedder.EclipseLogger - skip non existing resourceDirectory /Users/berniceesiemot/Wiley-Java-Project/JDBC/BookIOCLayersandSpringJDBC/src/test/resources
2022-11-21 15:13:03,198 [Worker-22: Building] INFO  o.e.m.c.i.l.LifecycleMappingFactory - Using org.eclipse.m2e.jdt.JarLifecycleMapping lifecycle mapping for MavenProject: BookIOCLayersandSpring:BookIOCLayersandSpring:0.0.1-SNAPSHOT @ /Users/berniceesiemot/eclipse-workspace/Junit/BookIOCLayersandSpringJDBCWithJunitProject/pom.xml.
2022-11-21 15:13:03,202 [Worker-22: Building] WARN  o.e.m.c.i.embedder.EclipseLogger - The artifact mysql:mysql-connector-java:jar:8.0.31 has been relocated to com.mysql:mysql-connector-j:jar:8.0.31: MySQL Connector/J artifacts moved to reverse-DNS compliant Maven 2+ coordinates.
2022-11-21 15:13:03,214 [Worker-22: Building] WARN  o.e.m.c.i.embedder.EclipseLogger - Using platform encoding (UTF-8 actually) to copy filtered resources, i.e. build is platform dependent!
2022-11-21 15:13:03,214 [Worker-22: Building] INFO  o.e.m.c.i.embedder.EclipseLogger - skip non existing resourceDirectory /Users/berniceesiemot/eclipse-workspace/Junit/BookIOCLayersandSpringJDBCWithJunitProject/src/main/resources
2022-11-21 15:13:03,215 [Worker-22: Building] WARN  o.e.m.c.i.embedder.EclipseLogger - Using platform encoding (UTF-8 actually) to copy filtered resources, i.e. build is platform dependent!
2022-11-21 15:13:03,215 [Worker-22: Building] INFO  o.e.m.c.i.embedder.EclipseLogger - skip non existing resourceDirectory /Users/berniceesiemot/eclipse-workspace/Junit/BookIOCLayersandSpringJDBCWithJunitProject/src/test/resources
2022-11-21 15:13:04,282 [Worker-23: Building] WARN  o.e.m.c.i.embedder.EclipseLogger - Using platform encoding (UTF-8 actually) to copy filtered resources, i.e. build is platform dependent!
2022-11-21 15:13:04,282 [Worker-23: Building] INFO  o.e.m.c.i.embedder.EclipseLogger - skip non existing resourceDirectory /Users/berniceesiemot/eclipse-workspace/Junit/BookIOCLayersandSpringJDBCWithJunitProject/src/main/resources
2022-11-21 15:13:04,283 [Worker-23: Building] WARN  o.e.m.c.i.embedder.EclipseLogger - Using platform encoding (UTF-8 actually) to copy filtered resources, i.e. build is platform dependent!
2022-11-21 15:13:04,283 [Worker-23: Building] INFO  o.e.m.c.i.embedder.EclipseLogger - skip non existing resourceDirectory /Users/berniceesiemot/eclipse-workspace/Junit/BookIOCLayersandSpringJDBCWithJunitProject/src/test/resources
2022-11-21 15:13:48,343 [Worker-24: Building] WARN  o.e.m.c.i.embedder.EclipseLogger - Using platform encoding (UTF-8 actually) to copy filtered resources, i.e. build is platform dependent!
2022-11-21 15:13:48,343 [Worker-24: Building] INFO  o.e.m.c.i.embedder.EclipseLogger - skip non existing resourceDirectory /Users/berniceesiemot/eclipse-workspace/Junit/BookIOCLayersandSpringJDBCWithJunitProject/src/main/resources
2022-11-21 15:13:48,344 [Worker-24: Building] WARN  o.e.m.c.i.embedder.EclipseLogger - Using platform encoding (UTF-8 actually) to copy filtered resources, i.e. build is platform dependent!
2022-11-21 15:13:48,344 [Worker-24: Building] INFO  o.e.m.c.i.embedder.EclipseLogger - skip non existing resourceDirectory /Users/berniceesiemot/eclipse-workspace/Junit/BookIOCLayersandSpringJDBCWithJunitProject/src/test/resources
2022-11-21 15:16:46,483 [Worker-8: Building] WARN  o.e.m.c.i.embedder.EclipseLogger - Using platform encoding (UTF-8 actually) to copy filtered resources, i.e. build is platform dependent!
2022-11-21 15:16:46,484 [Worker-8: Building] INFO  o.e.m.c.i.embedder.EclipseLogger - skip non existing resourceDirectory /Users/berniceesiemot/eclipse-workspace/Junit/BookIOCLayersandSpringJDBCWithJunitProject/src/main/resources
2022-11-21 15:16:46,485 [Worker-8: Building] WARN  o.e.m.c.i.embedder.EclipseLogger - Using platform encoding (UTF-8 actually) to copy filtered resources, i.e. build is platform dependent!
2022-11-21 15:16:46,486 [Worker-8: Building] INFO  o.e.m.c.i.embedder.EclipseLogger - skip non existing resourceDirectory /Users/berniceesiemot/eclipse-workspace/Junit/BookIOCLayersandSpringJDBCWithJunitProject/src/test/resources
2022-11-21 15:17:10,065 [Worker-24: Building] WARN  o.e.m.c.i.embedder.EclipseLogger - Using platform encoding (UTF-8 actually) to copy filtered resources, i.e. build is platform dependent!
2022-11-21 15:17:10,066 [Worker-24: Building] INFO  o.e.m.c.i.embedder.EclipseLogger - skip non existing resourceDirectory /Users/berniceesiemot/eclipse-workspace/Junit/BookIOCLayersandSpringJDBCWithJunitProject/src/main/resources
2022-11-21 15:17:10,067 [Worker-24: Building] WARN  o.e.m.c.i.embedder.EclipseLogger - Using platform encoding (UTF-8 actually) to copy filtered resources, i.e. build is platform dependent!
2022-11-21 15:17:10,067 [Worker-24: Building] INFO  o.e.m.c.i.embedder.EclipseLogger - skip non existing resourceDirectory /Users/berniceesiemot/eclipse-workspace/Junit/BookIOCLayersandSpringJDBCWithJunitProject/src/test/resources
2022-11-21 15:21:45,521 [Worker-26: Building] WARN  o.e.m.c.i.embedder.EclipseLogger - Using platform encoding (UTF-8 actually) to copy filtered resources, i.e. build is platform dependent!
2022-11-21 15:21:45,522 [Worker-26: Building] INFO  o.e.m.c.i.embedder.EclipseLogger - skip non existing resourceDirectory /Users/berniceesiemot/eclipse-workspace/Junit/BookIOCLayersandSpringJDBCWithJunitProject/src/main/resources
2022-11-21 15:21:45,524 [Worker-26: Building] WARN  o.e.m.c.i.embedder.EclipseLogger - Using platform encoding (UTF-8 actually) to copy filtered resources, i.e. build is platform dependent!
2022-11-21 15:21:45,525 [Worker-26: Building] INFO  o.e.m.c.i.embedder.EclipseLogger - skip non existing resourceDirectory /Users/berniceesiemot/eclipse-workspace/Junit/BookIOCLayersandSpringJDBCWithJunitProject/src/test/resources
2022-11-21 15:23:07,165 [Worker-26: Building] WARN  o.e.m.c.i.embedder.EclipseLogger - Using platform encoding (UTF-8 actually) to copy filtered resources, i.e. build is platform dependent!
2022-11-21 15:23:07,166 [Worker-26: Building] INFO  o.e.m.c.i.embedder.EclipseLogger - skip non existing resourceDirectory /Users/berniceesiemot/eclipse-workspace/Junit/BookIOCLayersandSpringJDBCWithJunitProject/src/main/resources
2022-11-21 15:23:07,167 [Worker-26: Building] WARN  o.e.m.c.i.embedder.EclipseLogger - Using platform encoding (UTF-8 actually) to copy filtered resources, i.e. build is platform dependent!
2022-11-21 15:23:07,167 [Worker-26: Building] INFO  o.e.m.c.i.embedder.EclipseLogger - skip non existing resourceDirectory /Users/berniceesiemot/eclipse-workspace/Junit/BookIOCLayersandSpringJDBCWithJunitProject/src/test/resources
2022-11-21 15:23:17,393 [Worker-25: Building] WARN  o.e.m.c.i.embedder.EclipseLogger - Using platform encoding (UTF-8 actually) to copy filtered resources, i.e. build is platform dependent!
2022-11-21 15:23:17,394 [Worker-25: Building] INFO  o.e.m.c.i.embedder.EclipseLogger - skip non existing resourceDirectory /Users/berniceesiemot/eclipse-workspace/Junit/BookIOCLayersandSpringJDBCWithJunitProject/src/main/resources
2022-11-21 15:23:17,395 [Worker-25: Building] WARN  o.e.m.c.i.embedder.EclipseLogger - Using platform encoding (UTF-8 actually) to copy filtered resources, i.e. build is platform dependent!
2022-11-21 15:23:17,396 [Worker-25: Building] INFO  o.e.m.c.i.embedder.EclipseLogger - skip non existing resourceDirectory /Users/berniceesiemot/eclipse-workspace/Junit/BookIOCLayersandSpringJDBCWithJunitProject/src/test/resources
2022-11-21 15:26:28,179 [Worker-25: Building] WARN  o.e.m.c.i.embedder.EclipseLogger - Using platform encoding (UTF-8 actually) to copy filtered resources, i.e. build is platform dependent!
2022-11-21 15:26:28,181 [Worker-25: Building] INFO  o.e.m.c.i.embedder.EclipseLogger - skip non existing resourceDirectory /Users/berniceesiemot/eclipse-workspace/Junit/BookIOCLayersandSpringJDBCWithJunitProject/src/main/resources
2022-11-21 15:26:28,182 [Worker-25: Building] WARN  o.e.m.c.i.embedder.EclipseLogger - Using platform encoding (UTF-8 actually) to copy filtered resources, i.e. build is platform dependent!
2022-11-21 15:26:28,182 [Worker-25: Building] INFO  o.e.m.c.i.embedder.EclipseLogger - skip non existing resourceDirectory /Users/berniceesiemot/eclipse-workspace/Junit/BookIOCLayersandSpringJDBCWithJunitProject/src/test/resources
2022-11-21 15:35:20,401 [Worker-26: Building] WARN  o.e.m.c.i.embedder.EclipseLogger - Using platform encoding (UTF-8 actually) to copy filtered resources, i.e. build is platform dependent!
2022-11-21 15:35:20,409 [Worker-26: Building] INFO  o.e.m.c.i.embedder.EclipseLogger - skip non existing resourceDirectory /Users/berniceesiemot/eclipse-workspace/Junit/BookIOCLayersandSpringJDBCWithJunitProject/src/main/resources
2022-11-21 15:35:20,413 [Worker-26: Building] WARN  o.e.m.c.i.embedder.EclipseLogger - Using platform encoding (UTF-8 actually) to copy filtered resources, i.e. build is platform dependent!
2022-11-21 15:35:20,415 [Worker-26: Building] INFO  o.e.m.c.i.embedder.EclipseLogger - skip non existing resourceDirectory /Users/berniceesiemot/eclipse-workspace/Junit/BookIOCLayersandSpringJDBCWithJunitProject/src/test/resources
2022-11-21 15:43:29,582 [Worker-30: Building] WARN  o.e.m.c.i.embedder.EclipseLogger - Using platform encoding (UTF-8 actually) to copy filtered resources, i.e. build is platform dependent!
2022-11-21 15:43:29,589 [Worker-30: Building] INFO  o.e.m.c.i.embedder.EclipseLogger - skip non existing resourceDirectory /Users/berniceesiemot/eclipse-workspace/Junit/BookIOCLayersandSpringJDBCWithJunitProject/src/main/resources
2022-11-21 15:43:29,590 [Worker-30: Building] WARN  o.e.m.c.i.embedder.EclipseLogger - Using platform encoding (UTF-8 actually) to copy filtered resources, i.e. build is platform dependent!
2022-11-21 15:43:29,591 [Worker-30: Building] INFO  o.e.m.c.i.embedder.EclipseLogger - skip non existing resourceDirectory /Users/berniceesiemot/eclipse-workspace/Junit/BookIOCLayersandSpringJDBCWithJunitProject/src/test/resources
2022-11-21 15:51:19,304 [Worker-36: Building] WARN  o.e.m.c.i.embedder.EclipseLogger - Using platform encoding (UTF-8 actually) to copy filtered resources, i.e. build is platform dependent!
2022-11-21 15:51:19,305 [Worker-36: Building] INFO  o.e.m.c.i.embedder.EclipseLogger - skip non existing resourceDirectory /Users/berniceesiemot/eclipse-workspace/Junit/BookIOCLayersandSpringJDBCWithJunitProject/src/main/resources
2022-11-21 15:51:19,306 [Worker-36: Building] WARN  o.e.m.c.i.embedder.EclipseLogger - Using platform encoding (UTF-8 actually) to copy filtered resources, i.e. build is platform dependent!
2022-11-21 15:51:19,306 [Worker-36: Building] INFO  o.e.m.c.i.embedder.EclipseLogger - skip non existing resourceDirectory /Users/berniceesiemot/eclipse-workspace/Junit/BookIOCLayersandSpringJDBCWithJunitProject/src/test/resources
2022-11-21 15:51:27,273 [Worker-37: Building] WARN  o.e.m.c.i.embedder.EclipseLogger - Using platform encoding (UTF-8 actually) to copy filtered resources, i.e. build is platform dependent!
2022-11-21 15:51:27,274 [Worker-37: Building] INFO  o.e.m.c.i.embedder.EclipseLogger - skip non existing resourceDirectory /Users/berniceesiemot/eclipse-workspace/Junit/BookIOCLayersandSpringJDBCWithJunitProject/src/main/resources
2022-11-21 15:51:27,275 [Worker-37: Building] WARN  o.e.m.c.i.embedder.EclipseLogger - Using platform encoding (UTF-8 actually) to copy filtered resources, i.e. build is platform dependent!
2022-11-21 15:51:27,276 [Worker-37: Building] INFO  o.e.m.c.i.embedder.EclipseLogger - skip non existing resourceDirectory /Users/berniceesiemot/eclipse-workspace/Junit/BookIOCLayersandSpringJDBCWithJunitProject/src/test/resources
2022-11-21 16:01:45,683 [Worker-41: Launching BookDaoTest] WARN  o.e.m.c.i.embedder.EclipseLogger - Using platform encoding (UTF-8 actually) to copy filtered resources, i.e. build is platform dependent!
2022-11-21 16:01:45,684 [Worker-41: Launching BookDaoTest] INFO  o.e.m.c.i.embedder.EclipseLogger - skip non existing resourceDirectory /Users/berniceesiemot/eclipse-workspace/Junit/BookIOCLayersandSpringJDBCWithJunitProject/src/main/resources
2022-11-21 16:01:45,686 [Worker-41: Launching BookDaoTest] WARN  o.e.m.c.i.embedder.EclipseLogger - Using platform encoding (UTF-8 actually) to copy filtered resources, i.e. build is platform dependent!
2022-11-21 16:01:45,686 [Worker-41: Launching BookDaoTest] INFO  o.e.m.c.i.embedder.EclipseLogger - skip non existing resourceDirectory /Users/berniceesiemot/eclipse-workspace/Junit/BookIOCLayersandSpringJDBCWithJunitProject/src/test/resources
2022-11-21 16:02:06,655 [Worker-33: Launching BookDaoTest] WARN  o.e.m.c.i.embedder.EclipseLogger - Using platform encoding (UTF-8 actually) to copy filtered resources, i.e. build is platform dependent!
2022-11-21 16:02:06,656 [Worker-33: Launching BookDaoTest] INFO  o.e.m.c.i.embedder.EclipseLogger - skip non existing resourceDirectory /Users/berniceesiemot/eclipse-workspace/Junit/BookIOCLayersandSpringJDBCWithJunitProject/src/main/resources
2022-11-21 16:02:06,657 [Worker-33: Launching BookDaoTest] WARN  o.e.m.c.i.embedder.EclipseLogger - Using platform encoding (UTF-8 actually) to copy filtered resources, i.e. build is platform dependent!
2022-11-21 16:02:06,657 [Worker-33: Launching BookDaoTest] INFO  o.e.m.c.i.embedder.EclipseLogger - skip non existing resourceDirectory /Users/berniceesiemot/eclipse-workspace/Junit/BookIOCLayersandSpringJDBCWithJunitProject/src/test/resources
2022-11-21 16:03:25,728 [Worker-4: Loading available Gradle versions] INFO  o.e.b.c.i.u.g.PublishedGradleVersions - Gradle version information cache is up-to-date. Trying to read.
2022-11-21 16:03:29,038 [JGit-FileStoreAttributeWriter-2] ERROR org.eclipse.jgit.util.FS - Cannot save config file 'FileBasedConfig[/Users/berniceesiemot/.config/jgit/config]'
java.io.IOException: Creating directories for /Users/berniceesiemot/.config/jgit failed
	at org.eclipse.jgit.util.FileUtils.mkdirs(FileUtils.java:413) ~[na:na]
	at org.eclipse.jgit.internal.storage.file.LockFile.lock(LockFile.java:140) ~[na:na]
	at org.eclipse.jgit.storage.file.FileBasedConfig.save(FileBasedConfig.java:184) ~[na:na]
	at org.eclipse.jgit.util.FS$FileStoreAttributes.saveToConfig(FS.java:761) ~[na:na]
	at org.eclipse.jgit.util.FS$FileStoreAttributes.lambda$5(FS.java:443) ~[na:na]
	at java.base/java.util.concurrent.ThreadPoolExecutor.runWorker(ThreadPoolExecutor.java:1136) ~[na:na]
	at java.base/java.util.concurrent.ThreadPoolExecutor$Worker.run(ThreadPoolExecutor.java:635) ~[na:na]
	at java.base/java.lang.Thread.run(Thread.java:833) ~[na:na]
2022-11-21 16:04:19,697 [Worker-11: Launching BookDaoTest] WARN  o.e.m.c.i.embedder.EclipseLogger - The artifact mysql:mysql-connector-java:jar:8.0.31 has been relocated to com.mysql:mysql-connector-j:jar:8.0.31: MySQL Connector/J artifacts moved to reverse-DNS compliant Maven 2+ coordinates.
2022-11-21 16:04:19,823 [Worker-11: Launching BookDaoTest] WARN  o.e.m.c.i.embedder.EclipseLogger - Using platform encoding (UTF-8 actually) to copy filtered resources, i.e. build is platform dependent!
2022-11-21 16:04:19,823 [Worker-11: Launching BookDaoTest] INFO  o.e.m.c.i.embedder.EclipseLogger - skip non existing resourceDirectory /Users/berniceesiemot/eclipse-workspace/Junit/BookIOCLayersandSpringJDBCWithJunitProject/src/main/resources
2022-11-21 16:04:19,825 [Worker-11: Launching BookDaoTest] WARN  o.e.m.c.i.embedder.EclipseLogger - Using platform encoding (UTF-8 actually) to copy filtered resources, i.e. build is platform dependent!
2022-11-21 16:04:19,825 [Worker-11: Launching BookDaoTest] INFO  o.e.m.c.i.embedder.EclipseLogger - skip non existing resourceDirectory /Users/berniceesiemot/eclipse-workspace/Junit/BookIOCLayersandSpringJDBCWithJunitProject/src/test/resources
2022-11-21 16:04:54,119 [Worker-11: Building] WARN  o.e.m.c.i.embedder.EclipseLogger - Using platform encoding (UTF-8 actually) to copy filtered resources, i.e. build is platform dependent!
2022-11-21 16:04:54,119 [Worker-11: Building] INFO  o.e.m.c.i.embedder.EclipseLogger - skip non existing resourceDirectory /Users/berniceesiemot/eclipse-workspace/Junit/BookIOCLayersandSpringJDBCWithJunitProject/src/main/resources
2022-11-21 16:04:54,120 [Worker-11: Building] WARN  o.e.m.c.i.embedder.EclipseLogger - Using platform encoding (UTF-8 actually) to copy filtered resources, i.e. build is platform dependent!
2022-11-21 16:04:54,120 [Worker-11: Building] INFO  o.e.m.c.i.embedder.EclipseLogger - skip non existing resourceDirectory /Users/berniceesiemot/eclipse-workspace/Junit/BookIOCLayersandSpringJDBCWithJunitProject/src/test/resources
2022-11-21 16:05:36,349 [Worker-19: Launching BookDaoTest] WARN  o.e.m.c.i.embedder.EclipseLogger - Using platform encoding (UTF-8 actually) to copy filtered resources, i.e. build is platform dependent!
2022-11-21 16:05:36,350 [Worker-19: Launching BookDaoTest] INFO  o.e.m.c.i.embedder.EclipseLogger - skip non existing resourceDirectory /Users/berniceesiemot/eclipse-workspace/Junit/BookIOCLayersandSpringJDBCWithJunitProject/src/main/resources
2022-11-21 16:05:36,351 [Worker-19: Launching BookDaoTest] WARN  o.e.m.c.i.embedder.EclipseLogger - Using platform encoding (UTF-8 actually) to copy filtered resources, i.e. build is platform dependent!
2022-11-21 16:05:36,352 [Worker-19: Launching BookDaoTest] INFO  o.e.m.c.i.embedder.EclipseLogger - skip non existing resourceDirectory /Users/berniceesiemot/eclipse-workspace/Junit/BookIOCLayersandSpringJDBCWithJunitProject/src/test/resources
2022-11-22 09:08:34,361 [Worker-6: Loading available Gradle versions] INFO  o.e.b.c.i.u.g.PublishedGradleVersions - Gradle version information cache is up-to-date. Trying to read.
2022-11-22 09:08:37,726 [JGit-FileStoreAttributeWriter-2] ERROR org.eclipse.jgit.util.FS - Cannot save config file 'FileBasedConfig[/Users/berniceesiemot/.config/jgit/config]'
java.io.IOException: Creating directories for /Users/berniceesiemot/.config/jgit failed
	at org.eclipse.jgit.util.FileUtils.mkdirs(FileUtils.java:413) ~[na:na]
	at org.eclipse.jgit.internal.storage.file.LockFile.lock(LockFile.java:140) ~[na:na]
	at org.eclipse.jgit.storage.file.FileBasedConfig.save(FileBasedConfig.java:184) ~[na:na]
	at org.eclipse.jgit.util.FS$FileStoreAttributes.saveToConfig(FS.java:761) ~[na:na]
	at org.eclipse.jgit.util.FS$FileStoreAttributes.lambda$5(FS.java:443) ~[na:na]
	at java.base/java.util.concurrent.ThreadPoolExecutor.runWorker(ThreadPoolExecutor.java:1136) ~[na:na]
	at java.base/java.util.concurrent.ThreadPoolExecutor$Worker.run(ThreadPoolExecutor.java:635) ~[na:na]
	at java.base/java.lang.Thread.run(Thread.java:833) ~[na:na]
2022-11-22 09:09:31,950 [Worker-1: Building] WARN  o.e.m.c.i.embedder.EclipseLogger - The artifact mysql:mysql-connector-java:jar:8.0.31 has been relocated to com.mysql:mysql-connector-j:jar:8.0.31: MySQL Connector/J artifacts moved to reverse-DNS compliant Maven 2+ coordinates.
2022-11-22 09:09:32,099 [Worker-1: Building] WARN  o.e.m.c.i.embedder.EclipseLogger - Using platform encoding (UTF-8 actually) to copy filtered resources, i.e. build is platform dependent!
2022-11-22 09:09:32,100 [Worker-1: Building] INFO  o.e.m.c.i.embedder.EclipseLogger - skip non existing resourceDirectory /Users/berniceesiemot/eclipse-workspace/Junit/BookIOCLayersandSpringJDBCWithJunitProject/src/main/resources
2022-11-22 09:09:32,102 [Worker-1: Building] WARN  o.e.m.c.i.embedder.EclipseLogger - Using platform encoding (UTF-8 actually) to copy filtered resources, i.e. build is platform dependent!
2022-11-22 09:09:32,102 [Worker-1: Building] INFO  o.e.m.c.i.embedder.EclipseLogger - skip non existing resourceDirectory /Users/berniceesiemot/eclipse-workspace/Junit/BookIOCLayersandSpringJDBCWithJunitProject/src/test/resources
2022-11-22 09:52:04,652 [Worker-29: Building] WARN  o.e.m.c.i.embedder.EclipseLogger - Using platform encoding (UTF-8 actually) to copy filtered resources, i.e. build is platform dependent!
2022-11-22 09:52:04,654 [Worker-29: Building] INFO  o.e.m.c.i.embedder.EclipseLogger - skip non existing resourceDirectory /Users/berniceesiemot/eclipse-workspace/Junit/BookIOCLayersandSpringJDBCWithJunitProject/src/main/resources
2022-11-22 09:52:04,655 [Worker-29: Building] WARN  o.e.m.c.i.embedder.EclipseLogger - Using platform encoding (UTF-8 actually) to copy filtered resources, i.e. build is platform dependent!
2022-11-22 09:52:04,656 [Worker-29: Building] INFO  o.e.m.c.i.embedder.EclipseLogger - skip non existing resourceDirectory /Users/berniceesiemot/eclipse-workspace/Junit/BookIOCLayersandSpringJDBCWithJunitProject/src/test/resources
2022-11-22 09:59:08,217 [Worker-29: Enabling Maven Dependency Management] INFO  o.e.m.c.i.l.LifecycleMappingFactory - Using org.eclipse.m2e.jdt.JarLifecycleMapping lifecycle mapping for MavenProject: MyLayeredEmployeeJDBCWithJUnitProject:MyLayeredEmployeeJDBCWithJUnitProject:0.0.1-SNAPSHOT @ /Users/berniceesiemot/eclipse-workspace/Junit/MyLayeredEmployeeJDBCWithJUnitProject/pom.xml.
2022-11-22 09:59:08,366 [Worker-29: Enabling Maven Dependency Management] INFO  o.e.m.j.i.AbstractJavaProjectConfigurator - Adding source folder /MyLayeredEmployeeJDBCWithJUnitProject/src
2022-11-22 09:59:08,366 [Worker-29: Enabling Maven Dependency Management] INFO  o.e.m.j.i.AbstractJavaProjectConfigurator - Not adding source folder /MyLayeredEmployeeJDBCWithJUnitProject/src/test/java because it overlaps with /MyLayeredEmployeeJDBCWithJUnitProject/src
2022-11-22 09:59:08,435 [Worker-29: Enabling Maven Dependency Management] INFO  o.e.m.c.i.p.ProjectConfigurationManager - Update started
2022-11-22 09:59:08,623 [Worker-29: Enabling Maven Dependency Management] INFO  o.e.m.c.i.l.LifecycleMappingFactory - Using org.eclipse.m2e.jdt.JarLifecycleMapping lifecycle mapping for MavenProject: MyLayeredEmployeeJDBCWithJUnitProject:MyLayeredEmployeeJDBCWithJUnitProject:0.0.1-SNAPSHOT @ /Users/berniceesiemot/eclipse-workspace/Junit/MyLayeredEmployeeJDBCWithJUnitProject/pom.xml.
2022-11-22 09:59:08,647 [Worker-29: Enabling Maven Dependency Management] INFO  o.e.m.j.i.AbstractJavaProjectConfigurator - Adding source folder /MyLayeredEmployeeJDBCWithJUnitProject/src
2022-11-22 09:59:08,648 [Worker-29: Enabling Maven Dependency Management] INFO  o.e.m.j.i.AbstractJavaProjectConfigurator - Not adding source folder /MyLayeredEmployeeJDBCWithJUnitProject/src/test/java because it overlaps with /MyLayeredEmployeeJDBCWithJUnitProject/src
2022-11-22 09:59:08,680 [Worker-29: Enabling Maven Dependency Management] INFO  o.e.m.c.i.p.ProjectConfigurationManager - Update completed: 0 sec
2022-11-22 09:59:08,843 [Worker-29: Building] WARN  o.e.m.c.i.embedder.EclipseLogger - Using platform encoding (UTF-8 actually) to copy filtered resources, i.e. build is platform dependent!
2022-11-22 09:59:08,843 [Worker-29: Building] INFO  o.e.m.c.i.embedder.EclipseLogger - skip non existing resourceDirectory /Users/berniceesiemot/eclipse-workspace/Junit/MyLayeredEmployeeJDBCWithJUnitProject/src/main/resources
2022-11-22 09:59:08,850 [Worker-29: Building] WARN  o.e.m.c.i.embedder.EclipseLogger - Using platform encoding (UTF-8 actually) to copy filtered resources, i.e. build is platform dependent!
2022-11-22 09:59:08,850 [Worker-29: Building] INFO  o.e.m.c.i.embedder.EclipseLogger - skip non existing resourceDirectory /Users/berniceesiemot/eclipse-workspace/Junit/MyLayeredEmployeeJDBCWithJUnitProject/src/test/resources
2022-11-22 09:59:20,340 [Worker-31: Building] INFO  o.e.m.c.i.l.LifecycleMappingFactory - Using org.eclipse.m2e.jdt.JarLifecycleMapping lifecycle mapping for MavenProject: MyLayeredEmployeeJDBCWithJUnitProject:MyLayeredEmployeeJDBCWithJUnitProject:0.0.1-SNAPSHOT @ /Users/berniceesiemot/eclipse-workspace/Junit/MyLayeredEmployeeJDBCWithJUnitProject/pom.xml.
2022-11-22 09:59:20,345 [Worker-31: Building] WARN  o.e.m.c.i.embedder.EclipseLogger - The artifact mysql:mysql-connector-java:jar:8.0.31 has been relocated to com.mysql:mysql-connector-j:jar:8.0.31: MySQL Connector/J artifacts moved to reverse-DNS compliant Maven 2+ coordinates.
2022-11-22 09:59:20,368 [Worker-31: Building] WARN  o.e.m.c.i.embedder.EclipseLogger - Using platform encoding (UTF-8 actually) to copy filtered resources, i.e. build is platform dependent!
2022-11-22 09:59:20,369 [Worker-31: Building] INFO  o.e.m.c.i.embedder.EclipseLogger - skip non existing resourceDirectory /Users/berniceesiemot/eclipse-workspace/Junit/MyLayeredEmployeeJDBCWithJUnitProject/src/main/resources
2022-11-22 09:59:20,374 [Worker-31: Building] WARN  o.e.m.c.i.embedder.EclipseLogger - Using platform encoding (UTF-8 actually) to copy filtered resources, i.e. build is platform dependent!
2022-11-22 09:59:20,376 [Worker-31: Building] INFO  o.e.m.c.i.embedder.EclipseLogger - skip non existing resourceDirectory /Users/berniceesiemot/eclipse-workspace/Junit/MyLayeredEmployeeJDBCWithJUnitProject/src/test/resources
2022-11-22 09:59:21,546 [Worker-29: Building] WARN  o.e.m.c.i.embedder.EclipseLogger - Using platform encoding (UTF-8 actually) to copy filtered resources, i.e. build is platform dependent!
2022-11-22 09:59:21,546 [Worker-29: Building] INFO  o.e.m.c.i.embedder.EclipseLogger - skip non existing resourceDirectory /Users/berniceesiemot/eclipse-workspace/Junit/MyLayeredEmployeeJDBCWithJUnitProject/src/main/resources
2022-11-22 09:59:21,547 [Worker-29: Building] WARN  o.e.m.c.i.embedder.EclipseLogger - Using platform encoding (UTF-8 actually) to copy filtered resources, i.e. build is platform dependent!
2022-11-22 09:59:21,548 [Worker-29: Building] INFO  o.e.m.c.i.embedder.EclipseLogger - skip non existing resourceDirectory /Users/berniceesiemot/eclipse-workspace/Junit/MyLayeredEmployeeJDBCWithJUnitProject/src/test/resources
2022-11-22 11:03:49,844 [Worker-46: Building] WARN  o.e.m.c.i.embedder.EclipseLogger - Using platform encoding (UTF-8 actually) to copy filtered resources, i.e. build is platform dependent!
2022-11-22 11:03:49,845 [Worker-46: Building] INFO  o.e.m.c.i.embedder.EclipseLogger - skip non existing resourceDirectory /Users/berniceesiemot/eclipse-workspace/Junit/MyLayeredEmployeeJDBCWithJUnitProject/src/main/resources
2022-11-22 11:03:49,846 [Worker-46: Building] WARN  o.e.m.c.i.embedder.EclipseLogger - Using platform encoding (UTF-8 actually) to copy filtered resources, i.e. build is platform dependent!
2022-11-22 11:03:49,846 [Worker-46: Building] INFO  o.e.m.c.i.embedder.EclipseLogger - skip non existing resourceDirectory /Users/berniceesiemot/eclipse-workspace/Junit/MyLayeredEmployeeJDBCWithJUnitProject/src/test/resources
2022-11-22 12:08:04,334 [Worker-49: Enabling Maven Dependency Management] INFO  o.e.m.c.i.l.LifecycleMappingFactory - Using org.eclipse.m2e.jdt.JarLifecycleMapping lifecycle mapping for MavenProject: MyFirstMocitoTestingProject:MyFirstMocitoTestingProject:0.0.1-SNAPSHOT @ /Users/berniceesiemot/eclipse-workspace/Junit/MyFirstMocitoTestingProject/pom.xml.
2022-11-22 12:08:04,465 [Worker-49: Enabling Maven Dependency Management] INFO  o.e.m.j.i.AbstractJavaProjectConfigurator - Adding source folder /MyFirstMocitoTestingProject/src
2022-11-22 12:08:04,465 [Worker-49: Enabling Maven Dependency Management] INFO  o.e.m.j.i.AbstractJavaProjectConfigurator - Not adding source folder /MyFirstMocitoTestingProject/src/test/java because it overlaps with /MyFirstMocitoTestingProject/src
2022-11-22 12:08:04,494 [Worker-49: Enabling Maven Dependency Management] INFO  o.e.m.c.i.p.ProjectConfigurationManager - Update started
2022-11-22 12:08:04,529 [Worker-49: Enabling Maven Dependency Management] INFO  o.e.m.c.i.l.LifecycleMappingFactory - Using org.eclipse.m2e.jdt.JarLifecycleMapping lifecycle mapping for MavenProject: MyFirstMocitoTestingProject:MyFirstMocitoTestingProject:0.0.1-SNAPSHOT @ /Users/berniceesiemot/eclipse-workspace/Junit/MyFirstMocitoTestingProject/pom.xml.
2022-11-22 12:08:04,547 [Worker-49: Enabling Maven Dependency Management] INFO  o.e.m.j.i.AbstractJavaProjectConfigurator - Adding source folder /MyFirstMocitoTestingProject/src
2022-11-22 12:08:04,547 [Worker-49: Enabling Maven Dependency Management] INFO  o.e.m.j.i.AbstractJavaProjectConfigurator - Not adding source folder /MyFirstMocitoTestingProject/src/test/java because it overlaps with /MyFirstMocitoTestingProject/src
2022-11-22 12:08:04,561 [Worker-49: Enabling Maven Dependency Management] INFO  o.e.m.c.i.p.ProjectConfigurationManager - Update completed: 0 sec
2022-11-22 12:08:05,155 [Worker-51: Building] WARN  o.e.m.c.i.embedder.EclipseLogger - Using platform encoding (UTF-8 actually) to copy filtered resources, i.e. build is platform dependent!
2022-11-22 12:08:05,156 [Worker-51: Building] INFO  o.e.m.c.i.embedder.EclipseLogger - skip non existing resourceDirectory /Users/berniceesiemot/eclipse-workspace/Junit/MyFirstMocitoTestingProject/src/main/resources
2022-11-22 12:08:05,158 [Worker-51: Building] WARN  o.e.m.c.i.embedder.EclipseLogger - Using platform encoding (UTF-8 actually) to copy filtered resources, i.e. build is platform dependent!
2022-11-22 12:08:05,158 [Worker-51: Building] INFO  o.e.m.c.i.embedder.EclipseLogger - skip non existing resourceDirectory /Users/berniceesiemot/eclipse-workspace/Junit/MyFirstMocitoTestingProject/src/test/resources
2022-11-22 12:08:59,933 [Worker-49: Building] WARN  o.e.m.c.i.embedder.EclipseLogger - Using platform encoding (UTF-8 actually) to copy filtered resources, i.e. build is platform dependent!
2022-11-22 12:08:59,934 [Worker-49: Building] INFO  o.e.m.c.i.embedder.EclipseLogger - skip non existing resourceDirectory /Users/berniceesiemot/eclipse-workspace/Junit/MyFirstMocitoTestingProject/src/main/resources
2022-11-22 12:08:59,935 [Worker-49: Building] WARN  o.e.m.c.i.embedder.EclipseLogger - Using platform encoding (UTF-8 actually) to copy filtered resources, i.e. build is platform dependent!
2022-11-22 12:08:59,935 [Worker-49: Building] INFO  o.e.m.c.i.embedder.EclipseLogger - skip non existing resourceDirectory /Users/berniceesiemot/eclipse-workspace/Junit/MyFirstMocitoTestingProject/src/test/resources
2022-11-22 12:09:17,708 [Worker-51: Building] INFO  o.e.m.c.i.l.LifecycleMappingFactory - Using org.eclipse.m2e.jdt.JarLifecycleMapping lifecycle mapping for MavenProject: MyFirstMocitoTestingProject:MyFirstMocitoTestingProject:0.0.1-SNAPSHOT @ /Users/berniceesiemot/eclipse-workspace/Junit/MyFirstMocitoTestingProject/pom.xml.
2022-11-22 12:09:17,730 [Worker-51: Building] WARN  o.e.m.c.i.embedder.EclipseLogger - Using platform encoding (UTF-8 actually) to copy filtered resources, i.e. build is platform dependent!
2022-11-22 12:09:17,730 [Worker-51: Building] INFO  o.e.m.c.i.embedder.EclipseLogger - skip non existing resourceDirectory /Users/berniceesiemot/eclipse-workspace/Junit/MyFirstMocitoTestingProject/src/main/resources
2022-11-22 12:09:17,731 [Worker-51: Building] WARN  o.e.m.c.i.embedder.EclipseLogger - Using platform encoding (UTF-8 actually) to copy filtered resources, i.e. build is platform dependent!
2022-11-22 12:09:17,731 [Worker-51: Building] INFO  o.e.m.c.i.embedder.EclipseLogger - skip non existing resourceDirectory /Users/berniceesiemot/eclipse-workspace/Junit/MyFirstMocitoTestingProject/src/test/resources
2022-11-22 12:09:18,853 [Worker-49: Building] WARN  o.e.m.c.i.embedder.EclipseLogger - Using platform encoding (UTF-8 actually) to copy filtered resources, i.e. build is platform dependent!
2022-11-22 12:09:18,853 [Worker-49: Building] INFO  o.e.m.c.i.embedder.EclipseLogger - skip non existing resourceDirectory /Users/berniceesiemot/eclipse-workspace/Junit/MyFirstMocitoTestingProject/src/main/resources
2022-11-22 12:09:18,854 [Worker-49: Building] WARN  o.e.m.c.i.embedder.EclipseLogger - Using platform encoding (UTF-8 actually) to copy filtered resources, i.e. build is platform dependent!
2022-11-22 12:09:18,854 [Worker-49: Building] INFO  o.e.m.c.i.embedder.EclipseLogger - skip non existing resourceDirectory /Users/berniceesiemot/eclipse-workspace/Junit/MyFirstMocitoTestingProject/src/test/resources
2022-11-22 12:09:19,235 [Worker-46: Download sources and javadoc] INFO  o.e.m.c.i.e.AbstractTransferListenerAdapter - Downloading https://repo.maven.apache.org/maven2/org/mockito/mockito-core/4.1.0/mockito-core-4.1.0-sources.jar
2022-11-22 12:09:19,407 [Worker-46: Download sources and javadoc] INFO  o.e.m.c.i.e.AbstractTransferListenerAdapter - Downloaded https://repo.maven.apache.org/maven2/org/mockito/mockito-core/4.1.0/mockito-core-4.1.0-sources.jar
2022-11-22 12:09:19,408 [Worker-46: Download sources and javadoc] INFO  o.e.m.j.internal.DownloadSourcesJob - Downloaded sources for org.mockito:mockito-core:4.1.0
2022-11-22 12:09:19,694 [Worker-46: Download sources and javadoc] INFO  o.e.m.c.i.e.AbstractTransferListenerAdapter - Downloading https://repo.maven.apache.org/maven2/net/bytebuddy/byte-buddy/1.12.1/byte-buddy-1.12.1-sources.jar
2022-11-22 12:09:20,153 [Worker-46: Download sources and javadoc] INFO  o.e.m.c.i.e.AbstractTransferListenerAdapter - Downloaded https://repo.maven.apache.org/maven2/net/bytebuddy/byte-buddy/1.12.1/byte-buddy-1.12.1-sources.jar
2022-11-22 12:09:20,156 [Worker-46: Download sources and javadoc] INFO  o.e.m.j.internal.DownloadSourcesJob - Downloaded sources for net.bytebuddy:byte-buddy:1.12.1
2022-11-22 12:09:20,293 [Worker-46: Download sources and javadoc] INFO  o.e.m.c.i.e.AbstractTransferListenerAdapter - Downloading https://repo.maven.apache.org/maven2/net/bytebuddy/byte-buddy-agent/1.12.1/byte-buddy-agent-1.12.1-sources.jar
2022-11-22 12:09:20,403 [Worker-46: Download sources and javadoc] INFO  o.e.m.c.i.e.AbstractTransferListenerAdapter - Downloaded https://repo.maven.apache.org/maven2/net/bytebuddy/byte-buddy-agent/1.12.1/byte-buddy-agent-1.12.1-sources.jar
2022-11-22 12:09:20,405 [Worker-46: Download sources and javadoc] INFO  o.e.m.j.internal.DownloadSourcesJob - Downloaded sources for net.bytebuddy:byte-buddy-agent:1.12.1
2022-11-22 12:09:20,679 [Worker-46: Download sources and javadoc] INFO  o.e.m.c.i.e.AbstractTransferListenerAdapter - Downloading https://repo.maven.apache.org/maven2/org/objenesis/objenesis/3.2/objenesis-3.2-sources.jar
2022-11-22 12:09:20,745 [Worker-46: Download sources and javadoc] INFO  o.e.m.c.i.e.AbstractTransferListenerAdapter - Downloaded https://repo.maven.apache.org/maven2/org/objenesis/objenesis/3.2/objenesis-3.2-sources.jar
2022-11-22 12:09:20,748 [Worker-46: Download sources and javadoc] INFO  o.e.m.j.internal.DownloadSourcesJob - Downloaded sources for org.objenesis:objenesis:3.2
2022-11-22 12:09:20,879 [Worker-51: Building] WARN  o.e.m.c.i.embedder.EclipseLogger - Using platform encoding (UTF-8 actually) to copy filtered resources, i.e. build is platform dependent!
2022-11-22 12:09:20,879 [Worker-51: Building] INFO  o.e.m.c.i.embedder.EclipseLogger - skip non existing resourceDirectory /Users/berniceesiemot/eclipse-workspace/Junit/MyFirstMocitoTestingProject/src/main/resources
2022-11-22 12:09:20,880 [Worker-51: Building] WARN  o.e.m.c.i.embedder.EclipseLogger - Using platform encoding (UTF-8 actually) to copy filtered resources, i.e. build is platform dependent!
2022-11-22 12:09:20,880 [Worker-51: Building] INFO  o.e.m.c.i.embedder.EclipseLogger - skip non existing resourceDirectory /Users/berniceesiemot/eclipse-workspace/Junit/MyFirstMocitoTestingProject/src/test/resources
2022-11-22 12:09:49,973 [Worker-50: Building] WARN  o.e.m.c.i.embedder.EclipseLogger - Using platform encoding (UTF-8 actually) to copy filtered resources, i.e. build is platform dependent!
2022-11-22 12:09:49,976 [Worker-50: Building] INFO  o.e.m.c.i.embedder.EclipseLogger - skip non existing resourceDirectory /Users/berniceesiemot/eclipse-workspace/Junit/MyFirstMocitoTestingProject/src/main/resources
2022-11-22 12:09:49,977 [Worker-50: Building] WARN  o.e.m.c.i.embedder.EclipseLogger - Using platform encoding (UTF-8 actually) to copy filtered resources, i.e. build is platform dependent!
2022-11-22 12:09:49,977 [Worker-50: Building] INFO  o.e.m.c.i.embedder.EclipseLogger - skip non existing resourceDirectory /Users/berniceesiemot/eclipse-workspace/Junit/MyFirstMocitoTestingProject/src/test/resources
2022-11-22 12:10:08,687 [Worker-46: Building] WARN  o.e.m.c.i.embedder.EclipseLogger - Using platform encoding (UTF-8 actually) to copy filtered resources, i.e. build is platform dependent!
2022-11-22 12:10:08,689 [Worker-46: Building] INFO  o.e.m.c.i.embedder.EclipseLogger - skip non existing resourceDirectory /Users/berniceesiemot/eclipse-workspace/Junit/MyFirstMocitoTestingProject/src/main/resources
2022-11-22 12:10:08,691 [Worker-46: Building] WARN  o.e.m.c.i.embedder.EclipseLogger - Using platform encoding (UTF-8 actually) to copy filtered resources, i.e. build is platform dependent!
2022-11-22 12:10:08,692 [Worker-46: Building] INFO  o.e.m.c.i.embedder.EclipseLogger - skip non existing resourceDirectory /Users/berniceesiemot/eclipse-workspace/Junit/MyFirstMocitoTestingProject/src/test/resources
2022-11-22 12:10:25,582 [Worker-46: Building] WARN  o.e.m.c.i.embedder.EclipseLogger - Using platform encoding (UTF-8 actually) to copy filtered resources, i.e. build is platform dependent!
2022-11-22 12:10:25,583 [Worker-46: Building] INFO  o.e.m.c.i.embedder.EclipseLogger - skip non existing resourceDirectory /Users/berniceesiemot/eclipse-workspace/Junit/MyFirstMocitoTestingProject/src/main/resources
2022-11-22 12:10:25,586 [Worker-46: Building] WARN  o.e.m.c.i.embedder.EclipseLogger - Using platform encoding (UTF-8 actually) to copy filtered resources, i.e. build is platform dependent!
2022-11-22 12:10:25,586 [Worker-46: Building] INFO  o.e.m.c.i.embedder.EclipseLogger - skip non existing resourceDirectory /Users/berniceesiemot/eclipse-workspace/Junit/MyFirstMocitoTestingProject/src/test/resources
2022-11-22 12:11:11,620 [Worker-49: Building] WARN  o.e.m.c.i.embedder.EclipseLogger - Using platform encoding (UTF-8 actually) to copy filtered resources, i.e. build is platform dependent!
2022-11-22 12:11:11,622 [Worker-49: Building] INFO  o.e.m.c.i.embedder.EclipseLogger - skip non existing resourceDirectory /Users/berniceesiemot/eclipse-workspace/Junit/MyFirstMocitoTestingProject/src/main/resources
2022-11-22 12:11:11,623 [Worker-49: Building] WARN  o.e.m.c.i.embedder.EclipseLogger - Using platform encoding (UTF-8 actually) to copy filtered resources, i.e. build is platform dependent!
2022-11-22 12:11:11,623 [Worker-49: Building] INFO  o.e.m.c.i.embedder.EclipseLogger - skip non existing resourceDirectory /Users/berniceesiemot/eclipse-workspace/Junit/MyFirstMocitoTestingProject/src/test/resources
2022-11-22 12:11:30,989 [Worker-52: Building] WARN  o.e.m.c.i.embedder.EclipseLogger - Using platform encoding (UTF-8 actually) to copy filtered resources, i.e. build is platform dependent!
2022-11-22 12:11:30,990 [Worker-52: Building] INFO  o.e.m.c.i.embedder.EclipseLogger - skip non existing resourceDirectory /Users/berniceesiemot/eclipse-workspace/Junit/MyFirstMocitoTestingProject/src/main/resources
2022-11-22 12:11:30,990 [Worker-52: Building] WARN  o.e.m.c.i.embedder.EclipseLogger - Using platform encoding (UTF-8 actually) to copy filtered resources, i.e. build is platform dependent!
2022-11-22 12:11:30,991 [Worker-52: Building] INFO  o.e.m.c.i.embedder.EclipseLogger - skip non existing resourceDirectory /Users/berniceesiemot/eclipse-workspace/Junit/MyFirstMocitoTestingProject/src/test/resources
2022-11-22 12:11:56,232 [Worker-53: Building] WARN  o.e.m.c.i.embedder.EclipseLogger - Using platform encoding (UTF-8 actually) to copy filtered resources, i.e. build is platform dependent!
2022-11-22 12:11:56,233 [Worker-53: Building] INFO  o.e.m.c.i.embedder.EclipseLogger - skip non existing resourceDirectory /Users/berniceesiemot/eclipse-workspace/Junit/MyFirstMocitoTestingProject/src/main/resources
2022-11-22 12:11:56,234 [Worker-53: Building] WARN  o.e.m.c.i.embedder.EclipseLogger - Using platform encoding (UTF-8 actually) to copy filtered resources, i.e. build is platform dependent!
2022-11-22 12:11:56,234 [Worker-53: Building] INFO  o.e.m.c.i.embedder.EclipseLogger - skip non existing resourceDirectory /Users/berniceesiemot/eclipse-workspace/Junit/MyFirstMocitoTestingProject/src/test/resources
2022-11-22 12:12:13,286 [Worker-49: Building] WARN  o.e.m.c.i.embedder.EclipseLogger - Using platform encoding (UTF-8 actually) to copy filtered resources, i.e. build is platform dependent!
2022-11-22 12:12:13,287 [Worker-49: Building] INFO  o.e.m.c.i.embedder.EclipseLogger - skip non existing resourceDirectory /Users/berniceesiemot/eclipse-workspace/Junit/MyFirstMocitoTestingProject/src/main/resources
2022-11-22 12:12:13,288 [Worker-49: Building] WARN  o.e.m.c.i.embedder.EclipseLogger - Using platform encoding (UTF-8 actually) to copy filtered resources, i.e. build is platform dependent!
2022-11-22 12:12:13,289 [Worker-49: Building] INFO  o.e.m.c.i.embedder.EclipseLogger - skip non existing resourceDirectory /Users/berniceesiemot/eclipse-workspace/Junit/MyFirstMocitoTestingProject/src/test/resources
2022-11-22 12:13:18,924 [Worker-46: Building] WARN  o.e.m.c.i.embedder.EclipseLogger - Using platform encoding (UTF-8 actually) to copy filtered resources, i.e. build is platform dependent!
2022-11-22 12:13:18,926 [Worker-46: Building] INFO  o.e.m.c.i.embedder.EclipseLogger - skip non existing resourceDirectory /Users/berniceesiemot/eclipse-workspace/Junit/MyFirstMocitoTestingProject/src/main/resources
2022-11-22 12:13:18,926 [Worker-46: Building] WARN  o.e.m.c.i.embedder.EclipseLogger - Using platform encoding (UTF-8 actually) to copy filtered resources, i.e. build is platform dependent!
2022-11-22 12:13:18,927 [Worker-46: Building] INFO  o.e.m.c.i.embedder.EclipseLogger - skip non existing resourceDirectory /Users/berniceesiemot/eclipse-workspace/Junit/MyFirstMocitoTestingProject/src/test/resources
2022-11-22 12:13:28,791 [Worker-49: Building] WARN  o.e.m.c.i.embedder.EclipseLogger - Using platform encoding (UTF-8 actually) to copy filtered resources, i.e. build is platform dependent!
2022-11-22 12:13:28,792 [Worker-49: Building] INFO  o.e.m.c.i.embedder.EclipseLogger - skip non existing resourceDirectory /Users/berniceesiemot/eclipse-workspace/Junit/MyFirstMocitoTestingProject/src/main/resources
2022-11-22 12:13:28,793 [Worker-49: Building] WARN  o.e.m.c.i.embedder.EclipseLogger - Using platform encoding (UTF-8 actually) to copy filtered resources, i.e. build is platform dependent!
2022-11-22 12:13:28,793 [Worker-49: Building] INFO  o.e.m.c.i.embedder.EclipseLogger - skip non existing resourceDirectory /Users/berniceesiemot/eclipse-workspace/Junit/MyFirstMocitoTestingProject/src/test/resources
2022-11-22 12:14:05,650 [Worker-51: Building] WARN  o.e.m.c.i.embedder.EclipseLogger - Using platform encoding (UTF-8 actually) to copy filtered resources, i.e. build is platform dependent!
2022-11-22 12:14:05,651 [Worker-51: Building] INFO  o.e.m.c.i.embedder.EclipseLogger - skip non existing resourceDirectory /Users/berniceesiemot/eclipse-workspace/Junit/MyFirstMocitoTestingProject/src/main/resources
2022-11-22 12:14:05,652 [Worker-51: Building] WARN  o.e.m.c.i.embedder.EclipseLogger - Using platform encoding (UTF-8 actually) to copy filtered resources, i.e. build is platform dependent!
2022-11-22 12:14:05,652 [Worker-51: Building] INFO  o.e.m.c.i.embedder.EclipseLogger - skip non existing resourceDirectory /Users/berniceesiemot/eclipse-workspace/Junit/MyFirstMocitoTestingProject/src/test/resources
2022-11-22 12:14:27,657 [Worker-46: Building] WARN  o.e.m.c.i.embedder.EclipseLogger - Using platform encoding (UTF-8 actually) to copy filtered resources, i.e. build is platform dependent!
2022-11-22 12:14:27,658 [Worker-46: Building] INFO  o.e.m.c.i.embedder.EclipseLogger - skip non existing resourceDirectory /Users/berniceesiemot/eclipse-workspace/Junit/MyFirstMocitoTestingProject/src/main/resources
2022-11-22 12:14:27,659 [Worker-46: Building] WARN  o.e.m.c.i.embedder.EclipseLogger - Using platform encoding (UTF-8 actually) to copy filtered resources, i.e. build is platform dependent!
2022-11-22 12:14:27,659 [Worker-46: Building] INFO  o.e.m.c.i.embedder.EclipseLogger - skip non existing resourceDirectory /Users/berniceesiemot/eclipse-workspace/Junit/MyFirstMocitoTestingProject/src/test/resources
2022-11-22 12:16:18,915 [Worker-46: Building] WARN  o.e.m.c.i.embedder.EclipseLogger - Using platform encoding (UTF-8 actually) to copy filtered resources, i.e. build is platform dependent!
2022-11-22 12:16:18,917 [Worker-46: Building] INFO  o.e.m.c.i.embedder.EclipseLogger - skip non existing resourceDirectory /Users/berniceesiemot/eclipse-workspace/Junit/MyFirstMocitoTestingProject/src/main/resources
2022-11-22 12:16:18,917 [Worker-46: Building] WARN  o.e.m.c.i.embedder.EclipseLogger - Using platform encoding (UTF-8 actually) to copy filtered resources, i.e. build is platform dependent!
2022-11-22 12:16:18,917 [Worker-46: Building] INFO  o.e.m.c.i.embedder.EclipseLogger - skip non existing resourceDirectory /Users/berniceesiemot/eclipse-workspace/Junit/MyFirstMocitoTestingProject/src/test/resources
2022-11-22 12:17:43,336 [Worker-53: Building] WARN  o.e.m.c.i.embedder.EclipseLogger - Using platform encoding (UTF-8 actually) to copy filtered resources, i.e. build is platform dependent!
2022-11-22 12:17:43,337 [Worker-53: Building] INFO  o.e.m.c.i.embedder.EclipseLogger - skip non existing resourceDirectory /Users/berniceesiemot/eclipse-workspace/Junit/MyFirstMocitoTestingProject/src/main/resources
2022-11-22 12:17:43,338 [Worker-53: Building] WARN  o.e.m.c.i.embedder.EclipseLogger - Using platform encoding (UTF-8 actually) to copy filtered resources, i.e. build is platform dependent!
2022-11-22 12:17:43,338 [Worker-53: Building] INFO  o.e.m.c.i.embedder.EclipseLogger - skip non existing resourceDirectory /Users/berniceesiemot/eclipse-workspace/Junit/MyFirstMocitoTestingProject/src/test/resources
2022-11-22 12:17:58,823 [Worker-50: Building] WARN  o.e.m.c.i.embedder.EclipseLogger - Using platform encoding (UTF-8 actually) to copy filtered resources, i.e. build is platform dependent!
2022-11-22 12:17:58,823 [Worker-50: Building] INFO  o.e.m.c.i.embedder.EclipseLogger - skip non existing resourceDirectory /Users/berniceesiemot/eclipse-workspace/Junit/MyFirstMocitoTestingProject/src/main/resources
2022-11-22 12:17:58,824 [Worker-50: Building] WARN  o.e.m.c.i.embedder.EclipseLogger - Using platform encoding (UTF-8 actually) to copy filtered resources, i.e. build is platform dependent!
2022-11-22 12:17:58,824 [Worker-50: Building] INFO  o.e.m.c.i.embedder.EclipseLogger - skip non existing resourceDirectory /Users/berniceesiemot/eclipse-workspace/Junit/MyFirstMocitoTestingProject/src/test/resources
2022-11-22 14:31:07,398 [Worker-51: Building] INFO  o.e.m.c.i.l.LifecycleMappingFactory - Using org.eclipse.m2e.jdt.JarLifecycleMapping lifecycle mapping for MavenProject: BookIOCLayersandSpring:BookIOCLayersandSpring:0.0.1-SNAPSHOT @ /Users/berniceesiemot/eclipse-workspace/Junit/BookIOCLayersandSpringJDBCWithMockito/pom.xml.
2022-11-22 14:31:07,405 [Worker-51: Building] WARN  o.e.m.c.i.embedder.EclipseLogger - The artifact mysql:mysql-connector-java:jar:8.0.31 has been relocated to com.mysql:mysql-connector-j:jar:8.0.31: MySQL Connector/J artifacts moved to reverse-DNS compliant Maven 2+ coordinates.
2022-11-22 14:31:07,426 [Worker-51: Building] WARN  o.e.m.c.i.embedder.EclipseLogger - Using platform encoding (UTF-8 actually) to copy filtered resources, i.e. build is platform dependent!
2022-11-22 14:31:07,427 [Worker-51: Building] INFO  o.e.m.c.i.embedder.EclipseLogger - skip non existing resourceDirectory /Users/berniceesiemot/eclipse-workspace/Junit/BookIOCLayersandSpringJDBCWithMockito/src/main/resources
2022-11-22 14:31:07,427 [Worker-51: Building] WARN  o.e.m.c.i.embedder.EclipseLogger - Using platform encoding (UTF-8 actually) to copy filtered resources, i.e. build is platform dependent!
2022-11-22 14:31:07,427 [Worker-51: Building] INFO  o.e.m.c.i.embedder.EclipseLogger - skip non existing resourceDirectory /Users/berniceesiemot/eclipse-workspace/Junit/BookIOCLayersandSpringJDBCWithMockito/src/test/resources
2022-11-22 14:31:08,579 [Worker-54: Building] WARN  o.e.m.c.i.embedder.EclipseLogger - Using platform encoding (UTF-8 actually) to copy filtered resources, i.e. build is platform dependent!
2022-11-22 14:31:08,580 [Worker-54: Building] INFO  o.e.m.c.i.embedder.EclipseLogger - skip non existing resourceDirectory /Users/berniceesiemot/eclipse-workspace/Junit/BookIOCLayersandSpringJDBCWithMockito/src/main/resources
2022-11-22 14:31:08,580 [Worker-54: Building] WARN  o.e.m.c.i.embedder.EclipseLogger - Using platform encoding (UTF-8 actually) to copy filtered resources, i.e. build is platform dependent!
2022-11-22 14:31:08,581 [Worker-54: Building] INFO  o.e.m.c.i.embedder.EclipseLogger - skip non existing resourceDirectory /Users/berniceesiemot/eclipse-workspace/Junit/BookIOCLayersandSpringJDBCWithMockito/src/test/resources
2022-11-22 14:32:51,000 [Worker-58: Building] INFO  o.e.m.c.i.l.LifecycleMappingFactory - Using org.eclipse.m2e.jdt.JarLifecycleMapping lifecycle mapping for MavenProject: BookIOCLayersandSpring:BookIOCLayersandSpring:0.0.1-SNAPSHOT @ /Users/berniceesiemot/eclipse-workspace/Junit/BookIOCLayersandSpringJDBCWithMockito/pom.xml.
2022-11-22 14:32:51,006 [Worker-58: Building] WARN  o.e.m.c.i.embedder.EclipseLogger - The artifact mysql:mysql-connector-java:jar:8.0.31 has been relocated to com.mysql:mysql-connector-j:jar:8.0.31: MySQL Connector/J artifacts moved to reverse-DNS compliant Maven 2+ coordinates.
2022-11-22 14:32:51,017 [Worker-58: Building] WARN  o.e.m.c.i.embedder.EclipseLogger - Using platform encoding (UTF-8 actually) to copy filtered resources, i.e. build is platform dependent!
2022-11-22 14:32:51,018 [Worker-58: Building] INFO  o.e.m.c.i.embedder.EclipseLogger - skip non existing resourceDirectory /Users/berniceesiemot/eclipse-workspace/Junit/BookIOCLayersandSpringJDBCWithMockito/src/main/resources
2022-11-22 14:32:51,018 [Worker-58: Building] WARN  o.e.m.c.i.embedder.EclipseLogger - Using platform encoding (UTF-8 actually) to copy filtered resources, i.e. build is platform dependent!
2022-11-22 14:32:51,018 [Worker-58: Building] INFO  o.e.m.c.i.embedder.EclipseLogger - skip non existing resourceDirectory /Users/berniceesiemot/eclipse-workspace/Junit/BookIOCLayersandSpringJDBCWithMockito/src/test/resources
2022-11-22 14:32:52,175 [Worker-57: Building] WARN  o.e.m.c.i.embedder.EclipseLogger - Using platform encoding (UTF-8 actually) to copy filtered resources, i.e. build is platform dependent!
2022-11-22 14:32:52,176 [Worker-57: Building] INFO  o.e.m.c.i.embedder.EclipseLogger - skip non existing resourceDirectory /Users/berniceesiemot/eclipse-workspace/Junit/BookIOCLayersandSpringJDBCWithMockito/src/main/resources
2022-11-22 14:32:52,176 [Worker-57: Building] WARN  o.e.m.c.i.embedder.EclipseLogger - Using platform encoding (UTF-8 actually) to copy filtered resources, i.e. build is platform dependent!
2022-11-22 14:32:52,177 [Worker-57: Building] INFO  o.e.m.c.i.embedder.EclipseLogger - skip non existing resourceDirectory /Users/berniceesiemot/eclipse-workspace/Junit/BookIOCLayersandSpringJDBCWithMockito/src/test/resources
2022-11-22 14:34:00,947 [Worker-54: Building] WARN  o.e.m.c.i.embedder.EclipseLogger - Using platform encoding (UTF-8 actually) to copy filtered resources, i.e. build is platform dependent!
2022-11-22 14:34:00,948 [Worker-54: Building] INFO  o.e.m.c.i.embedder.EclipseLogger - skip non existing resourceDirectory /Users/berniceesiemot/eclipse-workspace/Junit/BookIOCLayersandSpringJDBCWithMockito/src/main/resources
2022-11-22 14:34:00,949 [Worker-54: Building] WARN  o.e.m.c.i.embedder.EclipseLogger - Using platform encoding (UTF-8 actually) to copy filtered resources, i.e. build is platform dependent!
2022-11-22 14:34:00,949 [Worker-54: Building] INFO  o.e.m.c.i.embedder.EclipseLogger - skip non existing resourceDirectory /Users/berniceesiemot/eclipse-workspace/Junit/BookIOCLayersandSpringJDBCWithMockito/src/test/resources
2022-11-22 14:40:09,965 [Worker-62: Building] WARN  o.e.m.c.i.embedder.EclipseLogger - Using platform encoding (UTF-8 actually) to copy filtered resources, i.e. build is platform dependent!
2022-11-22 14:40:09,966 [Worker-62: Building] INFO  o.e.m.c.i.embedder.EclipseLogger - skip non existing resourceDirectory /Users/berniceesiemot/eclipse-workspace/Junit/BookIOCLayersandSpringJDBCWithMockito/src/main/resources
2022-11-22 14:40:09,967 [Worker-62: Building] WARN  o.e.m.c.i.embedder.EclipseLogger - Using platform encoding (UTF-8 actually) to copy filtered resources, i.e. build is platform dependent!
2022-11-22 14:40:09,968 [Worker-62: Building] INFO  o.e.m.c.i.embedder.EclipseLogger - skip non existing resourceDirectory /Users/berniceesiemot/eclipse-workspace/Junit/BookIOCLayersandSpringJDBCWithMockito/src/test/resources
2022-11-22 14:41:59,360 [Worker-61: Building] WARN  o.e.m.c.i.embedder.EclipseLogger - Using platform encoding (UTF-8 actually) to copy filtered resources, i.e. build is platform dependent!
2022-11-22 14:41:59,361 [Worker-61: Building] INFO  o.e.m.c.i.embedder.EclipseLogger - skip non existing resourceDirectory /Users/berniceesiemot/eclipse-workspace/Junit/BookIOCLayersandSpringJDBCWithMockito/src/main/resources
2022-11-22 14:41:59,375 [Worker-61: Building] WARN  o.e.m.c.i.embedder.EclipseLogger - Using platform encoding (UTF-8 actually) to copy filtered resources, i.e. build is platform dependent!
2022-11-22 14:41:59,376 [Worker-61: Building] INFO  o.e.m.c.i.embedder.EclipseLogger - skip non existing resourceDirectory /Users/berniceesiemot/eclipse-workspace/Junit/BookIOCLayersandSpringJDBCWithMockito/src/test/resources
2022-11-22 14:52:56,485 [Worker-65: Building] WARN  o.e.m.c.i.embedder.EclipseLogger - Using platform encoding (UTF-8 actually) to copy filtered resources, i.e. build is platform dependent!
2022-11-22 14:52:56,487 [Worker-65: Building] INFO  o.e.m.c.i.embedder.EclipseLogger - skip non existing resourceDirectory /Users/berniceesiemot/eclipse-workspace/Junit/BookIOCLayersandSpringJDBCWithMockito/src/main/resources
2022-11-22 14:52:56,488 [Worker-65: Building] WARN  o.e.m.c.i.embedder.EclipseLogger - Using platform encoding (UTF-8 actually) to copy filtered resources, i.e. build is platform dependent!
2022-11-22 14:52:56,488 [Worker-65: Building] INFO  o.e.m.c.i.embedder.EclipseLogger - skip non existing resourceDirectory /Users/berniceesiemot/eclipse-workspace/Junit/BookIOCLayersandSpringJDBCWithMockito/src/test/resources
2022-11-22 14:53:03,666 [Worker-65: Building] WARN  o.e.m.c.i.embedder.EclipseLogger - Using platform encoding (UTF-8 actually) to copy filtered resources, i.e. build is platform dependent!
2022-11-22 14:53:03,667 [Worker-65: Building] INFO  o.e.m.c.i.embedder.EclipseLogger - skip non existing resourceDirectory /Users/berniceesiemot/eclipse-workspace/Junit/BookIOCLayersandSpringJDBCWithMockito/src/main/resources
2022-11-22 14:53:03,667 [Worker-65: Building] WARN  o.e.m.c.i.embedder.EclipseLogger - Using platform encoding (UTF-8 actually) to copy filtered resources, i.e. build is platform dependent!
2022-11-22 14:53:03,667 [Worker-65: Building] INFO  o.e.m.c.i.embedder.EclipseLogger - skip non existing resourceDirectory /Users/berniceesiemot/eclipse-workspace/Junit/BookIOCLayersandSpringJDBCWithMockito/src/test/resources
2022-11-22 15:01:25,423 [Worker-65: Building] WARN  o.e.m.c.i.embedder.EclipseLogger - Using platform encoding (UTF-8 actually) to copy filtered resources, i.e. build is platform dependent!
2022-11-22 15:01:25,426 [Worker-65: Building] INFO  o.e.m.c.i.embedder.EclipseLogger - skip non existing resourceDirectory /Users/berniceesiemot/eclipse-workspace/Junit/BookIOCLayersandSpringJDBCWithMockito/src/main/resources
2022-11-22 15:01:25,427 [Worker-65: Building] WARN  o.e.m.c.i.embedder.EclipseLogger - Using platform encoding (UTF-8 actually) to copy filtered resources, i.e. build is platform dependent!
2022-11-22 15:01:25,428 [Worker-65: Building] INFO  o.e.m.c.i.embedder.EclipseLogger - skip non existing resourceDirectory /Users/berniceesiemot/eclipse-workspace/Junit/BookIOCLayersandSpringJDBCWithMockito/src/test/resources
2022-11-22 15:04:54,289 [Worker-68: Building] WARN  o.e.m.c.i.embedder.EclipseLogger - Using platform encoding (UTF-8 actually) to copy filtered resources, i.e. build is platform dependent!
2022-11-22 15:04:54,290 [Worker-68: Building] INFO  o.e.m.c.i.embedder.EclipseLogger - skip non existing resourceDirectory /Users/berniceesiemot/eclipse-workspace/Junit/BookIOCLayersandSpringJDBCWithMockito/src/main/resources
2022-11-22 15:04:54,290 [Worker-68: Building] WARN  o.e.m.c.i.embedder.EclipseLogger - Using platform encoding (UTF-8 actually) to copy filtered resources, i.e. build is platform dependent!
2022-11-22 15:04:54,290 [Worker-68: Building] INFO  o.e.m.c.i.embedder.EclipseLogger - skip non existing resourceDirectory /Users/berniceesiemot/eclipse-workspace/Junit/BookIOCLayersandSpringJDBCWithMockito/src/test/resources
2022-11-22 15:05:25,621 [Worker-68: Building] WARN  o.e.m.c.i.embedder.EclipseLogger - Using platform encoding (UTF-8 actually) to copy filtered resources, i.e. build is platform dependent!
2022-11-22 15:05:25,622 [Worker-68: Building] INFO  o.e.m.c.i.embedder.EclipseLogger - skip non existing resourceDirectory /Users/berniceesiemot/eclipse-workspace/Junit/BookIOCLayersandSpringJDBCWithMockito/src/main/resources
2022-11-22 15:05:25,623 [Worker-68: Building] WARN  o.e.m.c.i.embedder.EclipseLogger - Using platform encoding (UTF-8 actually) to copy filtered resources, i.e. build is platform dependent!
2022-11-22 15:05:25,623 [Worker-68: Building] INFO  o.e.m.c.i.embedder.EclipseLogger - skip non existing resourceDirectory /Users/berniceesiemot/eclipse-workspace/Junit/BookIOCLayersandSpringJDBCWithMockito/src/test/resources
2022-11-22 15:07:04,289 [Worker-63: Building] WARN  o.e.m.c.i.embedder.EclipseLogger - Using platform encoding (UTF-8 actually) to copy filtered resources, i.e. build is platform dependent!
2022-11-22 15:07:04,290 [Worker-63: Building] INFO  o.e.m.c.i.embedder.EclipseLogger - skip non existing resourceDirectory /Users/berniceesiemot/eclipse-workspace/Junit/BookIOCLayersandSpringJDBCWithMockito/src/main/resources
2022-11-22 15:07:04,291 [Worker-63: Building] WARN  o.e.m.c.i.embedder.EclipseLogger - Using platform encoding (UTF-8 actually) to copy filtered resources, i.e. build is platform dependent!
2022-11-22 15:07:04,291 [Worker-63: Building] INFO  o.e.m.c.i.embedder.EclipseLogger - skip non existing resourceDirectory /Users/berniceesiemot/eclipse-workspace/Junit/BookIOCLayersandSpringJDBCWithMockito/src/test/resources
2022-11-22 15:09:42,576 [Worker-68: Launching TestBookService] WARN  o.e.m.c.i.embedder.EclipseLogger - Using platform encoding (UTF-8 actually) to copy filtered resources, i.e. build is platform dependent!
2022-11-22 15:09:42,577 [Worker-68: Launching TestBookService] INFO  o.e.m.c.i.embedder.EclipseLogger - skip non existing resourceDirectory /Users/berniceesiemot/eclipse-workspace/Junit/BookIOCLayersandSpringJDBCWithMockito/src/main/resources
2022-11-22 15:09:42,579 [Worker-68: Launching TestBookService] WARN  o.e.m.c.i.embedder.EclipseLogger - Using platform encoding (UTF-8 actually) to copy filtered resources, i.e. build is platform dependent!
2022-11-22 15:09:42,579 [Worker-68: Launching TestBookService] INFO  o.e.m.c.i.embedder.EclipseLogger - skip non existing resourceDirectory /Users/berniceesiemot/eclipse-workspace/Junit/BookIOCLayersandSpringJDBCWithMockito/src/test/resources
2022-11-22 15:11:55,376 [Worker-70: Building] WARN  o.e.m.c.i.embedder.EclipseLogger - Using platform encoding (UTF-8 actually) to copy filtered resources, i.e. build is platform dependent!
2022-11-22 15:11:55,378 [Worker-70: Building] INFO  o.e.m.c.i.embedder.EclipseLogger - skip non existing resourceDirectory /Users/berniceesiemot/eclipse-workspace/Junit/BookIOCLayersandSpringJDBCWithMockito/src/main/resources
2022-11-22 15:11:55,378 [Worker-70: Building] WARN  o.e.m.c.i.embedder.EclipseLogger - Using platform encoding (UTF-8 actually) to copy filtered resources, i.e. build is platform dependent!
2022-11-22 15:11:55,379 [Worker-70: Building] INFO  o.e.m.c.i.embedder.EclipseLogger - skip non existing resourceDirectory /Users/berniceesiemot/eclipse-workspace/Junit/BookIOCLayersandSpringJDBCWithMockito/src/test/resources
2022-11-22 15:17:31,129 [Worker-71: Building] WARN  o.e.m.c.i.embedder.EclipseLogger - Using platform encoding (UTF-8 actually) to copy filtered resources, i.e. build is platform dependent!
2022-11-22 15:17:31,130 [Worker-71: Building] INFO  o.e.m.c.i.embedder.EclipseLogger - skip non existing resourceDirectory /Users/berniceesiemot/eclipse-workspace/Junit/BookIOCLayersandSpringJDBCWithMockito/src/main/resources
2022-11-22 15:17:31,131 [Worker-71: Building] WARN  o.e.m.c.i.embedder.EclipseLogger - Using platform encoding (UTF-8 actually) to copy filtered resources, i.e. build is platform dependent!
2022-11-22 15:17:31,131 [Worker-71: Building] INFO  o.e.m.c.i.embedder.EclipseLogger - skip non existing resourceDirectory /Users/berniceesiemot/eclipse-workspace/Junit/BookIOCLayersandSpringJDBCWithMockito/src/test/resources
2022-11-22 15:27:57,323 [Worker-63: Launching TestBookService] WARN  o.e.m.c.i.embedder.EclipseLogger - Using platform encoding (UTF-8 actually) to copy filtered resources, i.e. build is platform dependent!
2022-11-22 15:27:57,325 [Worker-63: Launching TestBookService] INFO  o.e.m.c.i.embedder.EclipseLogger - skip non existing resourceDirectory /Users/berniceesiemot/eclipse-workspace/Junit/BookIOCLayersandSpringJDBCWithMockito/src/main/resources
2022-11-22 15:27:57,326 [Worker-63: Launching TestBookService] WARN  o.e.m.c.i.embedder.EclipseLogger - Using platform encoding (UTF-8 actually) to copy filtered resources, i.e. build is platform dependent!
2022-11-22 15:27:57,327 [Worker-63: Launching TestBookService] INFO  o.e.m.c.i.embedder.EclipseLogger - skip non existing resourceDirectory /Users/berniceesiemot/eclipse-workspace/Junit/BookIOCLayersandSpringJDBCWithMockito/src/test/resources
2022-11-22 15:30:07,230 [Worker-77: Building] WARN  o.e.m.c.i.embedder.EclipseLogger - Using platform encoding (UTF-8 actually) to copy filtered resources, i.e. build is platform dependent!
2022-11-22 15:30:07,231 [Worker-77: Building] INFO  o.e.m.c.i.embedder.EclipseLogger - skip non existing resourceDirectory /Users/berniceesiemot/eclipse-workspace/Junit/BookIOCLayersandSpringJDBCWithMockito/src/main/resources
2022-11-22 15:30:07,232 [Worker-77: Building] WARN  o.e.m.c.i.embedder.EclipseLogger - Using platform encoding (UTF-8 actually) to copy filtered resources, i.e. build is platform dependent!
2022-11-22 15:30:07,232 [Worker-77: Building] INFO  o.e.m.c.i.embedder.EclipseLogger - skip non existing resourceDirectory /Users/berniceesiemot/eclipse-workspace/Junit/BookIOCLayersandSpringJDBCWithMockito/src/test/resources
2022-11-22 15:34:22,036 [Worker-79: Launching TestBookServiceWithAnnotation] WARN  o.e.m.c.i.embedder.EclipseLogger - Using platform encoding (UTF-8 actually) to copy filtered resources, i.e. build is platform dependent!
2022-11-22 15:34:22,037 [Worker-79: Launching TestBookServiceWithAnnotation] INFO  o.e.m.c.i.embedder.EclipseLogger - skip non existing resourceDirectory /Users/berniceesiemot/eclipse-workspace/Junit/BookIOCLayersandSpringJDBCWithMockito/src/main/resources
2022-11-22 15:34:22,038 [Worker-79: Launching TestBookServiceWithAnnotation] WARN  o.e.m.c.i.embedder.EclipseLogger - Using platform encoding (UTF-8 actually) to copy filtered resources, i.e. build is platform dependent!
2022-11-22 15:34:22,039 [Worker-79: Launching TestBookServiceWithAnnotation] INFO  o.e.m.c.i.embedder.EclipseLogger - skip non existing resourceDirectory /Users/berniceesiemot/eclipse-workspace/Junit/BookIOCLayersandSpringJDBCWithMockito/src/test/resources
2022-11-22 15:35:11,600 [Worker-79: Launching TestBookServiceWithAnnotation] WARN  o.e.m.c.i.embedder.EclipseLogger - Using platform encoding (UTF-8 actually) to copy filtered resources, i.e. build is platform dependent!
2022-11-22 15:35:11,601 [Worker-79: Launching TestBookServiceWithAnnotation] INFO  o.e.m.c.i.embedder.EclipseLogger - skip non existing resourceDirectory /Users/berniceesiemot/eclipse-workspace/Junit/BookIOCLayersandSpringJDBCWithMockito/src/main/resources
2022-11-22 15:35:11,603 [Worker-79: Launching TestBookServiceWithAnnotation] WARN  o.e.m.c.i.embedder.EclipseLogger - Using platform encoding (UTF-8 actually) to copy filtered resources, i.e. build is platform dependent!
2022-11-22 15:35:11,603 [Worker-79: Launching TestBookServiceWithAnnotation] INFO  o.e.m.c.i.embedder.EclipseLogger - skip non existing resourceDirectory /Users/berniceesiemot/eclipse-workspace/Junit/BookIOCLayersandSpringJDBCWithMockito/src/test/resources
2022-11-22 15:35:29,552 [Worker-79: Launching TestBookServiceWithAnnotation] WARN  o.e.m.c.i.embedder.EclipseLogger - Using platform encoding (UTF-8 actually) to copy filtered resources, i.e. build is platform dependent!
2022-11-22 15:35:29,555 [Worker-79: Launching TestBookServiceWithAnnotation] INFO  o.e.m.c.i.embedder.EclipseLogger - skip non existing resourceDirectory /Users/berniceesiemot/eclipse-workspace/Junit/BookIOCLayersandSpringJDBCWithMockito/src/main/resources
2022-11-22 15:35:29,556 [Worker-79: Launching TestBookServiceWithAnnotation] WARN  o.e.m.c.i.embedder.EclipseLogger - Using platform encoding (UTF-8 actually) to copy filtered resources, i.e. build is platform dependent!
2022-11-22 15:35:29,557 [Worker-79: Launching TestBookServiceWithAnnotation] INFO  o.e.m.c.i.embedder.EclipseLogger - skip non existing resourceDirectory /Users/berniceesiemot/eclipse-workspace/Junit/BookIOCLayersandSpringJDBCWithMockito/src/test/resources
2022-11-22 15:37:30,310 [Worker-81: Launching TestBookService] WARN  o.e.m.c.i.embedder.EclipseLogger - Using platform encoding (UTF-8 actually) to copy filtered resources, i.e. build is platform dependent!
2022-11-22 15:37:30,311 [Worker-81: Launching TestBookService] INFO  o.e.m.c.i.embedder.EclipseLogger - skip non existing resourceDirectory /Users/berniceesiemot/eclipse-workspace/Junit/BookIOCLayersandSpringJDBCWithMockito/src/main/resources
2022-11-22 15:37:30,313 [Worker-81: Launching TestBookService] WARN  o.e.m.c.i.embedder.EclipseLogger - Using platform encoding (UTF-8 actually) to copy filtered resources, i.e. build is platform dependent!
2022-11-22 15:37:30,313 [Worker-81: Launching TestBookService] INFO  o.e.m.c.i.embedder.EclipseLogger - skip non existing resourceDirectory /Users/berniceesiemot/eclipse-workspace/Junit/BookIOCLayersandSpringJDBCWithMockito/src/test/resources
2022-11-22 15:39:09,579 [Worker-80: Building] WARN  o.e.m.c.i.embedder.EclipseLogger - Using platform encoding (UTF-8 actually) to copy filtered resources, i.e. build is platform dependent!
2022-11-22 15:39:09,581 [Worker-80: Building] INFO  o.e.m.c.i.embedder.EclipseLogger - skip non existing resourceDirectory /Users/berniceesiemot/eclipse-workspace/Junit/BookIOCLayersandSpringJDBCWithMockito/src/main/resources
2022-11-22 15:39:09,582 [Worker-80: Building] WARN  o.e.m.c.i.embedder.EclipseLogger - Using platform encoding (UTF-8 actually) to copy filtered resources, i.e. build is platform dependent!
2022-11-22 15:39:09,582 [Worker-80: Building] INFO  o.e.m.c.i.embedder.EclipseLogger - skip non existing resourceDirectory /Users/berniceesiemot/eclipse-workspace/Junit/BookIOCLayersandSpringJDBCWithMockito/src/test/resources
2022-11-22 16:48:07,684 [Worker-83: Building] WARN  o.e.m.c.i.embedder.EclipseLogger - Using platform encoding (UTF-8 actually) to copy filtered resources, i.e. build is platform dependent!
2022-11-22 16:48:07,689 [Worker-83: Building] INFO  o.e.m.c.i.embedder.EclipseLogger - skip non existing resourceDirectory /Users/berniceesiemot/eclipse-workspace/Junit/BookIOCLayersandSpringJDBCWithMockito/src/main/resources
2022-11-22 16:48:07,691 [Worker-83: Building] WARN  o.e.m.c.i.embedder.EclipseLogger - Using platform encoding (UTF-8 actually) to copy filtered resources, i.e. build is platform dependent!
2022-11-22 16:48:07,692 [Worker-83: Building] INFO  o.e.m.c.i.embedder.EclipseLogger - skip non existing resourceDirectory /Users/berniceesiemot/eclipse-workspace/Junit/BookIOCLayersandSpringJDBCWithMockito/src/test/resources
